[debug] [2023-03-06T10:28:22.537Z] ----------------------------------------------------------------------
[debug] [2023-03-06T10:28:22.538Z] Command:       /usr/local/bin/node /usr/local/bin/firebase init
[debug] [2023-03-06T10:28:22.538Z] CLI Version:   11.24.0
[debug] [2023-03-06T10:28:22.539Z] Platform:      darwin
[debug] [2023-03-06T10:28:22.539Z] Node Version:  v19.6.0
[debug] [2023-03-06T10:28:22.539Z] Time:          Mon Mar 06 2023 11:28:22 GMT+0100 (Central European Standard Time)
[debug] [2023-03-06T10:28:22.539Z] ----------------------------------------------------------------------
[debug] 
[debug] [2023-03-06T10:28:22.541Z] > command requires scopes: ["email","openid","https://www.googleapis.com/auth/cloudplatformprojects.readonly","https://www.googleapis.com/auth/firebase","https://www.googleapis.com/auth/cloud-platform"]
[debug] [2023-03-06T10:28:22.541Z] > authorizing via signed-in user (mailchimpno123@gmail.com)
[info] 
     ######## #### ########  ######## ########     ###     ######  ########
     ##        ##  ##     ## ##       ##     ##  ##   ##  ##       ##
     ######    ##  ########  ######   ########  #########  ######  ######
     ##        ##  ##    ##  ##       ##     ## ##     ##       ## ##
     ##       #### ##     ## ######## ########  ##     ##  ######  ########

You're about to initialize a Firebase project in this directory:

  /Users/carbonara/Desktop/react-native/track-server

[info] 
=== Project Setup
[info] 
[info] First, let's associate this project directory with a Firebase project.
[info] You can create multiple project aliases by running firebase use --add, 
[info] but for now we'll just set up a default project.
[info] 
[debug] [2023-03-06T10:31:28.333Z] >>> [apiv2][query] GET https://firebase.googleapis.com/v1beta1/projects pageSize=100
[debug] [2023-03-06T10:31:29.036Z] <<< [apiv2][status] GET https://firebase.googleapis.com/v1beta1/projects 200
[debug] [2023-03-06T10:31:29.036Z] <<< [apiv2][body] GET https://firebase.googleapis.com/v1beta1/projects [omitted]
[info] i  Using project tracks-server (Tracks-Server) 
[info] 
=== Hosting Setup
[info] 
[info] Your public directory is the folder (relative to your project directory) that
[info] will contain Hosting assets to be uploaded with firebase deploy. If you
[info] have a build process for your assets, use your build's output directory.
[info] 
